TN:
SF:features\counter\counter.ctrl.ts
FNF:5
FNH:5
DA:1,79
DA:2,64
DA:3,39
DA:4,38
DA:5,49
DA:6,54
DA:7,28
DA:8,7
DA:9,55
DA:10,48
DA:11,17
DA:12,48
DA:13,54
DA:14,49
DA:15,69
DA:16,22
DA:17,5
DA:18,56
DA:19,14
DA:20,3
DA:21,5
DA:22,68
DA:23,18
DA:24,38
DA:25,62
DA:26,7
DA:27,3
DA:28,10
DA:29,32
DA:30,16
DA:31,5
DA:32,47
DA:33,27
DA:34,53
DA:35,27
DA:36,5
DA:37,3
DA:38,5
DA:39,25
DA:40,71
DA:41,21
DA:42,59
DA:43,2
DA:44,2
DA:45,26
LF:45
LH:45
end_of_record
TN:
SF:features\counter\counter.store.ts
FNF:1
FNH:1
DA:1,48
DA:2,41
DA:3,10
DA:4,4
DA:5,26
DA:6,2
LF:6
LH:6
end_of_record
TN:
SF:features\multiple-counter\multiple-counter.ctrl.ts
FNF:3
FNH:3
DA:1,64
DA:2,79
DA:3,39
DA:4,67
DA:5,28
DA:6,36
DA:7,7
DA:8,50
DA:9,19
DA:10,48
DA:11,55
DA:12,9
DA:13,76
DA:14,3
DA:15,0
DA:16,1
DA:17,3
DA:18,5
DA:19,77
DA:20,56
DA:21,18
DA:22,47
DA:23,49
DA:24,7
DA:25,2
DA:26,1
LF:26
LH:25
end_of_record
TN:
SF:features\router\router.handlers.ts
FNF:3
FNH:3
DA:1,60
DA:2,70
DA:3,66
DA:4,43
DA:5,35
DA:6,35
DA:7,24
DA:8,45
DA:9,2
DA:10,42
DA:11,25
DA:12,35
DA:13,48
DA:14,33
DA:15,41
DA:16,1
LF:16
LH:16
end_of_record
TN:
SF:features\router\router.history.ts
FNF:2
FNH:2
DA:1,46
DA:2,25
DA:3,2
DA:4,39
DA:5,41
DA:6,1
LF:6
LH:6
end_of_record
TN:
SF:features\router\router.state.ts
FNF:2
FNH:2
DA:1,49
DA:2,38
DA:3,19
DA:4,9
DA:5,27
DA:6,20
DA:7,4
DA:8,17
DA:9,22
DA:10,2
DA:11,24
DA:12,25
DA:13,23
DA:14,33
DA:15,4
DA:16,32
DA:17,45
DA:18,17
DA:19,38
DA:20,6
DA:21,4
DA:22,25
DA:23,14
DA:24,1
DA:25,2
LF:25
LH:25
end_of_record
TN:
SF:features\router\router.template.ts
FNF:4
FNH:4
DA:1,43
DA:2,55
DA:3,16
DA:4,55
DA:5,16
DA:6,2
DA:7,43
DA:8,16
DA:9,3
DA:10,40
DA:11,2
DA:12,36
DA:13,53
DA:14,19
DA:15,44
DA:16,19
DA:17,2
DA:18,46
DA:19,43
DA:20,16
DA:21,3
DA:22,39
DA:23,19
DA:24,3
DA:25,29
DA:26,51
DA:27,53
DA:28,1
LF:28
LH:28
end_of_record
TN:
SF:features\routes\about\about.const.ts
FNF:1
FNH:1
DA:1,52
DA:2,64
DA:3,60
DA:4,27
DA:5,20
DA:6,14
DA:7,20
DA:8,2
DA:9,29
DA:10,3
DA:11,12
DA:12,44
DA:13,26
DA:14,62
DA:15,6
DA:16,14
DA:17,266
DA:18,239
DA:19,488
DA:20,5
DA:21,4
DA:22,3
DA:23,12
DA:24,21
DA:25,20
DA:26,24
DA:27,6
DA:28,14
DA:29,196
DA:30,174
DA:31,439
DA:32,5
DA:33,4
DA:34,3
DA:35,12
DA:36,24
DA:37,23
DA:38,24
DA:39,6
DA:40,14
DA:41,213
DA:42,211
DA:43,314
DA:44,5
DA:45,4
DA:46,3
DA:47,12
DA:48,19
DA:49,19
DA:50,30
DA:51,6
DA:52,14
DA:53,163
DA:54,147
DA:55,300
DA:56,6
DA:57,40
DA:58,15
DA:59,25
DA:60,23
DA:61,36
DA:62,5
DA:63,4
DA:64,3
DA:65,12
DA:66,31
DA:67,32
DA:68,61
DA:69,6
DA:70,14
DA:71,199
DA:72,174
DA:73,362
DA:74,6
DA:75,43
DA:76,15
DA:77,30
DA:78,28
DA:79,43
DA:80,5
DA:81,4
DA:82,3
DA:83,12
DA:84,24
DA:85,24
DA:86,37
DA:87,6
DA:88,14
DA:89,125
DA:90,104
DA:91,271
DA:92,6
DA:93,57
DA:94,15
DA:95,28
DA:96,27
DA:97,43
DA:98,5
DA:99,4
DA:100,3
DA:101,12
DA:102,32
DA:103,18
DA:104,37
DA:105,6
DA:106,14
DA:107,99
DA:108,110
DA:109,233
DA:110,5
DA:111,3
DA:112,1
LF:112
LH:112
end_of_record
TN:
SF:features\routes\about\about.ctrl.ts
FNF:1
FNH:1
DA:1,62
DA:2,148
DA:3,51
DA:4,19
DA:5,5
DA:6,31
DA:7,66
DA:8,19
DA:9,43
DA:10,48
DA:11,14
DA:12,38
DA:13,83
DA:14,24
DA:15,49
DA:16,69
DA:17,18
DA:18,42
DA:19,55
DA:20,37
DA:21,60
DA:22,24
DA:23,7
DA:24,57
DA:25,20
DA:26,44
DA:27,58
DA:28,22
DA:29,48
DA:30,55
DA:31,20
DA:32,40
DA:33,36
DA:34,50
DA:35,15
DA:36,28
DA:37,8
DA:38,6
DA:39,41
DA:40,4
DA:41,41
DA:42,2
DA:43,2
DA:44,24
LF:44
LH:44
end_of_record
TN:
SF:features\routes\home\home.ctrl.ts
FNF:2
FNH:2
DA:1,62
DA:2,58
DA:3,88
DA:4,18
DA:5,5
DA:6,26
DA:7,40
DA:8,57
DA:9,3
DA:10,5
DA:11,29
DA:12,2
DA:13,2
DA:14,23
LF:14
LH:14
end_of_record
TN:
SF:features\routes\routes.ts
FNF:1
FNH:1
DA:1,55
DA:2,58
DA:3,31
DA:4,74
DA:5,86
DA:6,2
LF:6
LH:6
end_of_record
TN:
SF:features\translate\translate.const.ts
FNF:1
FNH:1
DA:1,37
DA:2,62
DA:3,19
DA:4,9
DA:5,18
DA:6,15
DA:7,16
DA:8,4
DA:9,10
DA:10,22
DA:11,16
DA:12,22
DA:13,4
DA:14,17
DA:15,28
DA:16,26
DA:17,41
DA:18,4
DA:19,21
DA:20,25
DA:21,22
DA:22,41
DA:23,4
DA:24,23
DA:25,28
DA:26,27
DA:27,41
DA:28,3
DA:29,1
LF:29
LH:29
end_of_record
TN:
SF:features\translate\translate.store.ts
FNF:3
FNH:3
DA:1,47
DA:2,72
DA:3,57
DA:4,50
DA:5,48
DA:6,44
DA:7,65
DA:8,32
DA:9,67
DA:10,18
DA:11,41
DA:12,4
DA:13,2
DA:14,43
DA:15,47
DA:16,20
DA:17,4
DA:18,37
DA:19,38
DA:20,2
LF:20
LH:20
end_of_record
TN:
SF:features\translate\translate.ts
FNF:1
FNH:1
DA:1,69
DA:2,35
DA:3,89
DA:4,1
LF:4
LH:4
end_of_record
TN:
SF:features\translate\translate.utils.ts
FNF:1
FNH:1
DA:1,81
DA:2,10
DA:3,42
DA:4,3
DA:5,48
DA:6,17
DA:7,61
DA:8,49
DA:9,52
DA:10,27
DA:11,0
DA:12,0
DA:13,1
DA:14,12
LF:14
LH:12
end_of_record
TN:
SF:features\version\version.utils.ts
FNF:1
FNH:1
DA:1,45
DA:2,10
DA:3,60
DA:4,32
DA:5,39
LF:5
LH:5
end_of_record
TN:
SF:preload.ts
FNF:1
FNH:1
DA:1,66
DA:2,28
LF:2
LH:2
end_of_record
TN:
SF:utils\active-footer-link.ts
FNF:2
FNH:2
DA:1,14
DA:2,69
DA:3,32
DA:4,36
DA:5,41
DA:6,44
DA:7,35
DA:8,48
DA:9,4
DA:10,4
LF:10
LH:10
end_of_record
TN:
SF:utils\kitchen.ts
FNF:13
FNH:13
DA:1,19
DA:2,31
DA:3,32
DA:4,36
DA:5,37
DA:6,29
DA:7,29
DA:8,5
DA:9,22
DA:10,9
DA:11,40
DA:12,19
DA:13,61
DA:14,32
DA:15,35
DA:16,40
DA:17,12
DA:18,31
DA:19,33
DA:20,4
DA:21,27
DA:22,25
DA:23,36
DA:24,11
DA:25,40
DA:26,11
DA:27,63
DA:28,33
DA:29,36
DA:30,41
DA:31,12
DA:32,32
DA:33,34
DA:34,4
DA:35,28
DA:36,26
DA:37,37
DA:38,11
DA:39,41
DA:40,11
DA:41,4
DA:42,1
DA:43,19
DA:44,32
DA:45,18
DA:46,1
DA:47,19
DA:48,33
DA:49,18
DA:50,1
DA:51,13
DA:52,29
DA:53,30
DA:54,1
DA:55,23
DA:56,37
DA:57,28
DA:58,18
DA:59,1
DA:60,23
DA:61,38
DA:62,29
DA:63,18
DA:64,1
DA:65,17
DA:66,34
DA:67,35
DA:68,31
DA:69,32
DA:70,1
DA:71,23
DA:72,22
DA:73,1
DA:74,9
DA:75,34
DA:76,20
DA:77,41
DA:78,2
LF:78
LH:78
end_of_record
TN:
SF:utils\proxy-sub.ts
FNF:15
FNH:14
DA:1,10
DA:2,10
DA:3,23
DA:4,15
DA:5,35
DA:6,47
DA:7,2
DA:8,11
DA:9,57
DA:10,4
DA:11,2
DA:12,1
DA:13,31
DA:14,54
DA:15,17
DA:16,20
DA:17,24
DA:18,4
DA:19,27
DA:20,19
DA:21,24
DA:22,2
DA:23,26
DA:24,27
DA:25,50
DA:26,96
DA:27,28
DA:28,6
DA:29,16
DA:30,1
DA:31,3
DA:32,1
DA:33,25
DA:34,36
DA:35,1
DA:36,16
DA:37,36
DA:38,57
DA:39,30
DA:40,43
DA:41,62
DA:42,6
DA:43,4
DA:44,10
DA:45,15
DA:46,38
DA:47,11
DA:48,1
DA:49,2
LF:49
LH:49
end_of_record
